<testsuites id="" name="" tests="14" failures="0" skipped="0" errors="0" time="24.963055">
<testsuite name="papers.spec.ts" timestamp="2025-12-19T02:39:29.385Z" hostname="chromium" tests="14" failures="0" skipped="0" time="92.773" errors="0">
<testcase name="Papers Management › displays papers list correctly" classname="papers.spec.ts" time="10.925">
<system-out>
<![CDATA[BROWSER: [HMR] connected
BROWSER: [Fast Refresh] rebuilding
BROWSER: [API Request] GET /api/papers
Mock API hit: http://localhost:8000/api/papers?search=&category=all&status=all&sortBy=uploadedAt&sortOrder=desc&page=1&limit=20&total=0&totalPages=0
Mocking GET papers list
BROWSER: [Fast Refresh] done in 2231ms
BROWSER: [API Response] GET /api/papers - 200
BROWSER: [HMR] connected
BROWSER: [Fast Refresh] rebuilding
BROWSER: [Fast Refresh] done in 478ms
BROWSER: [API Request] GET /api/papers
Mock API hit: http://localhost:8000/api/papers?search=&category=all&status=all&sortBy=uploadedAt&sortOrder=desc&page=1&limit=20&total=5&totalPages=1
Mocking GET papers list
BROWSER: [API Response] GET /api/papers - 200
]]>
</system-out>
</testcase>
<testcase name="Papers Management › searches papers" classname="papers.spec.ts" time="10.871">
<system-out>
<![CDATA[BROWSER: [HMR] connected
BROWSER: [Fast Refresh] rebuilding
BROWSER: [API Request] GET /api/papers
Mock API hit: http://localhost:8000/api/papers?search=&category=all&status=all&sortBy=uploadedAt&sortOrder=desc&page=1&limit=20&total=0&totalPages=0
Mocking GET papers list
BROWSER: [API Response] GET /api/papers - 200
BROWSER: [Fast Refresh] done in 2229ms
BROWSER: [HMR] connected
BROWSER: [Fast Refresh] rebuilding
BROWSER: [Fast Refresh] done in 459ms
BROWSER: [Fast Refresh] rebuilding
BROWSER: [Fast Refresh] done in 152ms
BROWSER: [API Request] GET /api/papers
Mock API hit: http://localhost:8000/api/papers?search=&category=all&status=all&sortBy=uploadedAt&sortOrder=desc&page=1&limit=20&total=0&totalPages=0
Mocking GET papers list
BROWSER: [API Response] GET /api/papers - 200
BROWSER: [API Request] GET /api/papers
Mock API hit: http://localhost:8000/api/papers?search=Attention&category=all&status=all&sortBy=uploadedAt&sortOrder=desc&page=1&limit=20&total=5&totalPages=1
Mocking GET papers list
BROWSER: [API Response] GET /api/papers - 200
]]>
</system-out>
</testcase>
<testcase name="Papers Management › filters papers by status" classname="papers.spec.ts" time="10.814">
<system-out>
<![CDATA[BROWSER: [HMR] connected
BROWSER: [Fast Refresh] rebuilding
BROWSER: [Fast Refresh] done in 2234ms
BROWSER: [API Request] GET /api/papers
Mock API hit: http://localhost:8000/api/papers?search=&category=all&status=all&sortBy=uploadedAt&sortOrder=desc&page=1&limit=20&total=0&totalPages=0
Mocking GET papers list
BROWSER: [API Response] GET /api/papers - 200
BROWSER: [HMR] connected
BROWSER: [Fast Refresh] rebuilding
BROWSER: [Fast Refresh] done in 459ms
BROWSER: [Fast Refresh] rebuilding
BROWSER: [Fast Refresh] done in 142ms
BROWSER: [API Request] GET /api/papers
Mock API hit: http://localhost:8000/api/papers?search=&category=all&status=all&sortBy=uploadedAt&sortOrder=desc&page=1&limit=20&total=5&totalPages=1
Mocking GET papers list
BROWSER: [API Response] GET /api/papers - 200
BROWSER: [API Request] GET /api/papers
Mock API hit: http://localhost:8000/api/papers?search=&category=all&status=processing&sortBy=uploadedAt&sortOrder=desc&page=1&limit=20&total=5&totalPages=1
Mocking GET papers list
BROWSER: [API Response] GET /api/papers - 200
Found 1 processed cards
First card HTML: <div class="p-6"><div class="mb-4 flex items-start justify-between"><div class="flex flex-1 items-start space-x-3"><input class="mt-1 h-4 w-4 rounded border-gray-300 text-blue-500 focus:ring-2 focus:ring-blue-500 dark:border-gray-600 dark:bg-gray-700 dark:ring-offset-gray-800 dark:focus:ring-blue-600" type="checkbox"><div class="min-w-0 flex-1"><a class="line-clamp-2 text-lg font-semibold text-gray-900 transition-colors hover:text-blue-600 dark:text-gray-100 dark:hover:text-blue-400" href="/papers/2">BERT: Pre-training of Deep Bidirectional Transformers for Language Understanding</a><p class="mt-1 text-sm text-gray-600 dark:text-gray-400">Jacob Devlin, Ming-Wei Chang, Kenton Lee 等 4 位作者</p><div class="mt-3 flex items-center space-x-2"><span class="inline-flex items-center rounded-full bg-gray-100 px-2.5 py-0.5 text-xs font-medium text-gray-800 dark:bg-gray-700 dark:text-gray-200">Context Engineering</span><span data-testid="paper-status" class="inline-flex items-center rounded-full px-2.5 py-0.5 text-xs font-medium bg-blue-100 text-blue-800 dark:bg-blue-900 dark:text-blue-200 ">处理中</span></div></div></div></div><p class="mt-4 line-clamp-3 text-sm text-gray-600 dark:text-gray-400">We introduce a new language representation model called BERT, which stands for Bidirectional Encoder Representations from Transformers. Unlike recent language representation models, BERT is designed to pre-train deep bidirectional representations from unlabeled text by jointly conditioning on both left and right context in all layers. As a result, the pre-trained BERT model can be fine-tuned with just one additional output layer to create state-of-the-art models for a wide range of tasks, such as question answering and language inference, without substantial task-specific architecture modifications.</p><div class="mt-4 flex items-center justify-between text-xs text-gray-500 dark:text-gray-500"><div class="flex items-center space-x-4"><span>1.50 MB</span><span>2018</span><span>NAACL</span></div><div class="flex items-center space-x-1"><svg class="h-4 w-4" fill="none" stroke="currentColor" viewBox="0 0 24 24"><path stroke-linecap="round" stroke-linejoin="round" stroke-width="2" d="M12 8v4l3 3m6-3a9 9 0 11-18 0 9 9 0 0118 0z"></path></svg><span>2024-01-03 08:00</span></div></div></div><div class="rounded-b-lg border-t border-gray-200 bg-gray-50 px-6 py-4 dark:border-gray-700 dark:bg-gray-900"><div class="flex items-center justify-between"><div class="flex items-center space-x-2"><a class="inline-flex items-center rounded-md border border-gray-300 bg-white px-3 py-1.5 text-sm font-medium text-gray-700 hover:bg-gray-50 focus:outline-none focus:ring-2 focus:ring-blue-500 focus:ring-offset-2 dark:border-gray-600 dark:bg-gray-800 dark:text-gray-200 dark:hover:bg-gray-700" href="/papers/2"><svg class="mr-1 h-4 w-4" fill="none" stroke="currentColor" viewBox="0 0 24 24"><path stroke-linecap="round" stroke-linejoin="round" stroke-width="2" d="M15 12a3 3 0 11-6 0 3 3 0 016 0z"></path><path stroke-linecap="round" stroke-linejoin="round" stroke-width="2" d="M2.458 12C3.732 7.943 7.523 5 12 5c4.478 0 8.268 2.943 9.542 7-1.274 4.057-5.064 7-9.542 7-4.477 0-8.268-2.943-9.542-7z"></path></svg>查看</a></div><button class="inline-flex items-center px-3 py-1.5 text-sm font-medium text-red-600 hover:text-red-800 dark:text-red-400 dark:hover:text-red-300"><svg class="mr-1 h-4 w-4" fill="none" stroke="currentColor" viewBox="0 0 24 24"><path stroke-linecap="round" stroke-linejoin="round" stroke-width="2" d="M19 7l-.867 12.142A2 2 0 0116.138 21H7.862a2 2 0 01-1.995-1.858L5 7m5 4v6m4-6v6m1-10V4a1 1 0 00-1-1h-4a1 1 0 00-1 1v3M4 7h16"></path></svg>删除</button></div></div>
]]>
</system-out>
</testcase>
<testcase name="Papers Management › uploads a new paper" classname="papers.spec.ts" time="16.091">
<system-out>
<![CDATA[BROWSER: [HMR] connected
BROWSER: [Fast Refresh] rebuilding
BROWSER: [API Request] GET /api/papers
Mock API hit: http://localhost:8000/api/papers?search=&category=all&status=all&sortBy=uploadedAt&sortOrder=desc&page=1&limit=20&total=0&totalPages=0
Mocking GET papers list
BROWSER: [API Response] GET /api/papers - 200
BROWSER: [Fast Refresh] done in 2229ms
BROWSER: [HMR] connected
BROWSER: [Fast Refresh] rebuilding
BROWSER: [Fast Refresh] done in 459ms
BROWSER: [Fast Refresh] rebuilding
BROWSER: [Fast Refresh] done in 355ms
BROWSER: [API Request] GET /api/papers
Mock API hit: http://localhost:8000/api/papers?search=&category=all&status=all&sortBy=uploadedAt&sortOrder=desc&page=1&limit=20&total=0&totalPages=0
Mocking GET papers list
BROWSER: [API Response] GET /api/papers - 200
BROWSER: [API Request] POST /api/papers
Mock API hit: http://localhost:8000/api/papers
Mocking POST upload paper
Mocking POST upload paper. new dbPapers count: [33m6[39m
BROWSER: [API Response] POST /api/papers - 200
BROWSER: [API Request] GET /api/papers
Mock API hit: http://localhost:8000/api/papers?search=&category=all&status=all&sortBy=uploadedAt&sortOrder=desc&page=1&limit=20&total=5&totalPages=1
Mocking GET papers list
BROWSER: [API Response] GET /api/papers - 200
BROWSER: [Fast Refresh] rebuilding
BROWSER: [Fast Refresh] done in 301ms
BROWSER: [Fast Refresh] rebuilding
BROWSER: [Fast Refresh] done in 130ms
BROWSER: [Fast Refresh] rebuilding
Modal close button not clickable or not found, continuing verification
DEBUG: Upload refresh response items: [
  [32m'New Uploaded Paper'[39m,
  [32m'Attention Is All You Need'[39m,
  [32m'BERT: Pre-training of Deep Bidirectional Transformers for Language Understanding'[39m,
  [32m'GPT-3: Language Models are Few-Shot Learners'[39m,
  [32m'ChatGPT: Optimizing Language Models for Dialogue'[39m,
  [32m'PaLM: Scaling Language Modeling with Pathways'[39m
]
]]>
</system-out>
</testcase>
<testcase name="Papers Management › processes a paper" classname="papers.spec.ts" time="11.076">
<system-out>
<![CDATA[BROWSER: [HMR] connected
BROWSER: [Fast Refresh] rebuilding
BROWSER: [API Request] GET /api/papers
Mock API hit: http://localhost:8000/api/papers?search=&category=all&status=all&sortBy=uploadedAt&sortOrder=desc&page=1&limit=20&total=0&totalPages=0
Mocking GET papers list
BROWSER: [API Response] GET /api/papers - 200
BROWSER: [Fast Refresh] done in 2229ms
BROWSER: [HMR] connected
BROWSER: [Fast Refresh] rebuilding
BROWSER: [Fast Refresh] done in 459ms
BROWSER: [Fast Refresh] rebuilding
BROWSER: [Fast Refresh] done in 152ms
BROWSER: [API Request] GET /api/papers
Mock API hit: http://localhost:8000/api/papers?search=&category=all&status=all&sortBy=uploadedAt&sortOrder=desc&page=1&limit=20&total=0&totalPages=0
Mocking GET papers list
BROWSER: [API Response] GET /api/papers - 200
BROWSER: [API Request] POST /api/papers/5/process
Mock API hit: http://localhost:8000/api/papers/5/process
Mocking POST process paper for ID: 5
BROWSER: [API Response] POST /api/papers/5/process - 200
]]>
</system-out>
</testcase>
<testcase name="Papers Management › batch processes multiple papers" classname="papers.spec.ts" time="4.3">
<system-out>
<![CDATA[BROWSER: [HMR] connected
BROWSER: [API Request] GET /api/papers
Mock API hit: http://localhost:8000/api/papers?search=&category=all&status=all&sortBy=uploadedAt&sortOrder=desc&page=1&limit=20&total=0&totalPages=0
Mocking GET papers list
BROWSER: [API Response] GET /api/papers - 200
BROWSER: [HMR] connected
BROWSER: [Fast Refresh] rebuilding
BROWSER: [Fast Refresh] done in 216ms
BROWSER: [API Request] GET /api/papers
Mock API hit: http://localhost:8000/api/papers?search=&category=all&status=all&sortBy=uploadedAt&sortOrder=desc&page=1&limit=20&total=5&totalPages=1
Mocking GET papers list
BROWSER: [Fast Refresh] rebuilding
BROWSER: [Fast Refresh] done in 131ms
BROWSER: [API Response] GET /api/papers - 200
BROWSER: [Fast Refresh] rebuilding
BROWSER: [API Request] POST /api/papers/batch-process
Mock API hit: http://localhost:8000/api/papers/batch-process
Mocking POST batch process
BROWSER: [API Response] POST /api/papers/batch-process - 200
]]>
</system-out>
</testcase>
<testcase name="Papers Management › deletes a paper with confirmation" classname="papers.spec.ts" time="6.131">
<system-out>
<![CDATA[BROWSER: [HMR] connected
BROWSER: [API Request] GET /api/papers
Mock API hit: http://localhost:8000/api/papers?search=&category=all&status=all&sortBy=uploadedAt&sortOrder=desc&page=1&limit=20&total=0&totalPages=0
Mocking GET papers list
BROWSER: [API Response] GET /api/papers - 200
BROWSER: [HMR] connected
BROWSER: [Fast Refresh] rebuilding
BROWSER: [Fast Refresh] done in 215ms
BROWSER: [API Request] GET /api/papers
Mock API hit: http://localhost:8000/api/papers?search=&category=all&status=all&sortBy=uploadedAt&sortOrder=desc&page=1&limit=20&total=5&totalPages=1
Mocking GET papers list
BROWSER: [API Response] GET /api/papers - 200
BROWSER: [Fast Refresh] rebuilding
BROWSER: [API Request] DELETE /api/papers/5
Mock API hit: http://localhost:8000/api/papers/5
Mocking DELETE paper for ID: 5
BROWSER: [API Response] DELETE /api/papers/5 - 200
BROWSER: Store: removePaper called for ID: 5
BROWSER: Store: papers length changed from 5 to 4
]]>
</system-out>
</testcase>
<testcase name="Papers Management › views paper details" classname="papers.spec.ts" time="8.901">
<system-out>
<![CDATA[BROWSER: [HMR] connected
BROWSER: [API Request] GET /api/papers
Mock API hit: http://localhost:8000/api/papers?search=&category=all&status=all&sortBy=uploadedAt&sortOrder=desc&page=1&limit=20&total=0&totalPages=0
Mocking GET papers list
BROWSER: [API Response] GET /api/papers - 200
BROWSER: [HMR] connected
BROWSER: [Fast Refresh] rebuilding
BROWSER: [Fast Refresh] done in 184ms
BROWSER: [API Request] GET /api/papers
Mock API hit: http://localhost:8000/api/papers?search=&category=all&status=all&sortBy=uploadedAt&sortOrder=desc&page=1&limit=20&total=5&totalPages=1
Mocking GET papers list
BROWSER: [API Response] GET /api/papers - 200
BROWSER: [Fast Refresh] rebuilding
BROWSER: [Fast Refresh] done in 3386ms
BROWSER: [Fast Refresh] rebuilding
BROWSER: [Fast Refresh] done in 173ms
BROWSER: [API Request] GET /api/papers/1
BROWSER: [API Request] GET /api/papers/1
Mock API hit: http://localhost:8000/api/papers/1
Mocking GET paper detail for ID: 1
Mock API hit: http://localhost:8000/api/papers/1
Mocking GET paper detail for ID: 1
BROWSER: [API Response] GET /api/papers/1 - 200
BROWSER: [API Response] GET /api/papers/1 - 200
]]>
</system-out>
</testcase>
<testcase name="Papers Management › handles empty state" classname="papers.spec.ts" time="3.981">
<system-out>
<![CDATA[BROWSER: [HMR] connected
BROWSER: [API Request] GET /api/papers
Mock API hit: http://localhost:8000/api/papers?search=&category=all&status=all&sortBy=uploadedAt&sortOrder=desc&page=1&limit=20&total=0&totalPages=0
Mocking GET papers list
BROWSER: [API Response] GET /api/papers - 200
BROWSER: [HMR] connected
BROWSER: [Fast Refresh] rebuilding
BROWSER: [Fast Refresh] done in 215ms
BROWSER: [API Request] GET /api/papers
Mock API hit: http://localhost:8000/api/papers?search=&category=all&status=all&sortBy=uploadedAt&sortOrder=desc&page=1&limit=20&total=5&totalPages=1
Mocking GET papers list
BROWSER: [API Response] GET /api/papers - 200
BROWSER: [API Request] GET /api/papers
Mock API hit: http://localhost:8000/api/papers?search=NonExistentPaper&category=all&status=all&sortBy=uploadedAt&sortOrder=desc&page=1&limit=20&total=5&totalPages=1
Mocking GET papers list
BROWSER: [API Response] GET /api/papers - 200
]]>
</system-out>
</testcase>
<testcase name="Papers Management › handles error state" classname="papers.spec.ts" time="2">
<system-out>
<![CDATA[BROWSER: [API Request] GET /api/papers
Mock API hit: http://localhost:8000/api/papers?search=&category=all&status=all&sortBy=uploadedAt&sortOrder=desc&page=1&limit=20&total=0&totalPages=0
Mocking GET papers list
BROWSER: [API Response] GET /api/papers - 200
BROWSER: [HMR] connected
BROWSER: [HMR] connected
BROWSER: [API Request] GET /api/papers
BROWSER: [HMR] connected
BROWSER: [API Request] GET /api/papers
BROWSER: [API Request] GET /api/papers
]]>
</system-out>
</testcase>
<testcase name="Papers Management › handles pagination" classname="papers.spec.ts" time="2.397">
<system-out>
<![CDATA[BROWSER: [HMR] connected
BROWSER: [API Request] GET /api/papers
Mock API hit: http://localhost:8000/api/papers?search=&category=all&status=all&sortBy=uploadedAt&sortOrder=desc&page=1&limit=20&total=0&totalPages=0
Mocking GET papers list
BROWSER: [API Response] GET /api/papers - 200
BROWSER: [HMR] connected
BROWSER: [API Request] GET /api/papers
BROWSER: [API Response] GET /api/papers - 200
BROWSER: [HMR] connected
BROWSER: [API Request] GET /api/papers
BROWSER: [API Response] GET /api/papers - 200
BROWSER: [API Request] GET /api/papers
BROWSER: [API Response] GET /api/papers - 200
BROWSER: [API Request] GET /api/papers
BROWSER: [API Response] GET /api/papers - 200
]]>
</system-out>
</testcase>
<testcase name="Papers Management › responsive design works on mobile" classname="papers.spec.ts" time="2.178">
<system-out>
<![CDATA[BROWSER: [HMR] connected
BROWSER: [API Request] GET /api/papers
Mock API hit: http://localhost:8000/api/papers?search=&category=all&status=all&sortBy=uploadedAt&sortOrder=desc&page=1&limit=20&total=0&totalPages=0
Mocking GET papers list
BROWSER: [API Response] GET /api/papers - 200
BROWSER: [HMR] connected
BROWSER: [API Request] GET /api/papers
Mock API hit: http://localhost:8000/api/papers?search=&category=all&status=all&sortBy=uploadedAt&sortOrder=desc&page=1&limit=20&total=5&totalPages=1
Mocking GET papers list
BROWSER: [API Response] GET /api/papers - 200
]]>
</system-out>
</testcase>
<testcase name="Papers Management › accessibility features" classname="papers.spec.ts" time="1.516">
<system-out>
<![CDATA[BROWSER: [HMR] connected
BROWSER: [API Request] GET /api/papers
Mock API hit: http://localhost:8000/api/papers?search=&category=all&status=all&sortBy=uploadedAt&sortOrder=desc&page=1&limit=20&total=0&totalPages=0
Mocking GET papers list
BROWSER: [API Response] GET /api/papers - 200
BROWSER: [HMR] connected
BROWSER: [API Request] GET /api/papers
Mock API hit: http://localhost:8000/api/papers?search=&category=all&status=all&sortBy=uploadedAt&sortOrder=desc&page=1&limit=20&total=5&totalPages=1
Mocking GET papers list
BROWSER: [API Response] GET /api/papers - 200
]]>
</system-out>
</testcase>
<testcase name="Papers Management › dark mode toggle" classname="papers.spec.ts" time="1.592">
<system-out>
<![CDATA[BROWSER: [HMR] connected
BROWSER: [API Request] GET /api/papers
Mock API hit: http://localhost:8000/api/papers?search=&category=all&status=all&sortBy=uploadedAt&sortOrder=desc&page=1&limit=20&total=0&totalPages=0
Mocking GET papers list
BROWSER: [API Response] GET /api/papers - 200
BROWSER: [HMR] connected
BROWSER: [API Request] GET /api/papers
Mock API hit: http://localhost:8000/api/papers?search=&category=all&status=all&sortBy=uploadedAt&sortOrder=desc&page=1&limit=20&total=5&totalPages=1
Mocking GET papers list
BROWSER: [API Response] GET /api/papers - 200
]]>
</system-out>
</testcase>
</testsuite>
</testsuites>